04-04-2022 11:27:06.467 [Gauge] [INFO] Watching directory: C:\Users\testinium\IdeaProjects\AppiumArdaOdev\specs
04-04-2022 11:27:06.470 [Gauge] [DEBUG] Found 5 files
04-04-2022 11:27:06.477 [Gauge] [ERROR] Concept parse failure: C:\Users\testinium\IdeaProjects\AppiumArdaOdev\specs\Categories.cpt C:\Users\testinium\IdeaProjects\AppiumArdaOdev\specs\Categories.cpt:8 Concept heading can have only Dynamic Parameters => 'Menüden "Kadın" seçeneğine tıklanır'
04-04-2022 11:27:06.477 [Gauge] [ERROR] Concept parse failure: C:\Users\testinium\IdeaProjects\AppiumArdaOdev\specs\Categories.cpt C:\Users\testinium\IdeaProjects\AppiumArdaOdev\specs\Categories.cpt:9 Step is not defined inside a concept heading => '"3" saniye kadar bekle'
04-04-2022 11:27:06.477 [Gauge] [ERROR] Concept parse failure: C:\Users\testinium\IdeaProjects\AppiumArdaOdev\specs\Categories.cpt C:\Users\testinium\IdeaProjects\AppiumArdaOdev\specs\Categories.cpt:10 Step is not defined inside a concept heading => 'Xpath "//*[@text='Kadın']" li elementi bul ve tıkla'
04-04-2022 11:27:06.477 [Gauge] [ERROR] Concept parse failure: C:\Users\testinium\IdeaProjects\AppiumArdaOdev\specs\Categories.cpt C:\Users\testinium\IdeaProjects\AppiumArdaOdev\specs\Categories.cpt:11 Step is not defined inside a concept heading => '"3" saniye kadar bekle'
04-04-2022 11:27:06.477 [Gauge] [ERROR] Concept parse failure: C:\Users\testinium\IdeaProjects\AppiumArdaOdev\specs\Categories.cpt C:\Users\testinium\IdeaProjects\AppiumArdaOdev\specs\Categories.cpt:12 Concept heading can have only Dynamic Parameters => '"Pantolon" Kategorisi açılır'
04-04-2022 11:27:06.477 [Gauge] [ERROR] Concept parse failure: C:\Users\testinium\IdeaProjects\AppiumArdaOdev\specs\Categories.cpt C:\Users\testinium\IdeaProjects\AppiumArdaOdev\specs\Categories.cpt:13 Step is not defined inside a concept heading => '"3" saniye kadar bekle'
04-04-2022 11:27:06.477 [Gauge] [ERROR] Concept parse failure: C:\Users\testinium\IdeaProjects\AppiumArdaOdev\specs\Categories.cpt C:\Users\testinium\IdeaProjects\AppiumArdaOdev\specs\Categories.cpt:14 Step is not defined inside a concept heading => 'Xpath "//*[@text='Pantolon']" li elementi bul ve tıkla'
04-04-2022 11:27:06.477 [Gauge] [ERROR] Concept parse failure: C:\Users\testinium\IdeaProjects\AppiumArdaOdev\specs\Categories.cpt C:\Users\testinium\IdeaProjects\AppiumArdaOdev\specs\Categories.cpt:15 Step is not defined inside a concept heading => '"3" saniye kadar bekle'
04-04-2022 11:27:06.477 [Gauge] [ERROR] Parse failure: [[ParseError] C:\Users\testinium\IdeaProjects\AppiumArdaOdev\specs\Categories.cpt:8 Concept heading can have only Dynamic Parameters => 'Menüden "Kadın" seçeneğine tıklanır' [ParseError] C:\Users\testinium\IdeaProjects\AppiumArdaOdev\specs\Categories.cpt:9 Step is not defined inside a concept heading => '"3" saniye kadar bekle' [ParseError] C:\Users\testinium\IdeaProjects\AppiumArdaOdev\specs\Categories.cpt:10 Step is not defined inside a concept heading => 'Xpath "//*[@text='Kadın']" li elementi bul ve tıkla' [ParseError] C:\Users\testinium\IdeaProjects\AppiumArdaOdev\specs\Categories.cpt:11 Step is not defined inside a concept heading => '"3" saniye kadar bekle' [ParseError] C:\Users\testinium\IdeaProjects\AppiumArdaOdev\specs\Categories.cpt:12 Concept heading can have only Dynamic Parameters => '"Pantolon" Kategorisi açılır' [ParseError] C:\Users\testinium\IdeaProjects\AppiumArdaOdev\specs\Categories.cpt:13 Step is not defined inside a concept heading => '"3" saniye kadar bekle' [ParseError] C:\Users\testinium\IdeaProjects\AppiumArdaOdev\specs\Categories.cpt:14 Step is not defined inside a concept heading => 'Xpath "//*[@text='Pantolon']" li elementi bul ve tıkla' [ParseError] C:\Users\testinium\IdeaProjects\AppiumArdaOdev\specs\Categories.cpt:15 Step is not defined inside a concept heading => '"3" saniye kadar bekle']
04-04-2022 11:27:06.477 [Gauge] [INFO] Initializing concepts cache with 13 concepts
04-04-2022 11:27:06.477 [Gauge] [DEBUG] Adding concepts from C:\Users\testinium\IdeaProjects\AppiumArdaOdev\specs\Check.cpt
04-04-2022 11:27:06.477 [Gauge] [DEBUG] Adding concepts from C:\Users\testinium\IdeaProjects\AppiumArdaOdev\specs\Login.cpt
04-04-2022 11:27:06.477 [Gauge] [DEBUG] Adding concepts from C:\Users\testinium\IdeaProjects\AppiumArdaOdev\specs\Login.cpt
04-04-2022 11:27:06.477 [Gauge] [DEBUG] Adding concepts from C:\Users\testinium\IdeaProjects\AppiumArdaOdev\specs\Product.cpt
04-04-2022 11:27:06.477 [Gauge] [DEBUG] Adding concepts from C:\Users\testinium\IdeaProjects\AppiumArdaOdev\specs\Categories.cpt
04-04-2022 11:27:06.477 [Gauge] [DEBUG] Adding concepts from C:\Users\testinium\IdeaProjects\AppiumArdaOdev\specs\Check.cpt
04-04-2022 11:27:06.477 [Gauge] [DEBUG] Adding concepts from C:\Users\testinium\IdeaProjects\AppiumArdaOdev\specs\Check.cpt
04-04-2022 11:27:06.477 [Gauge] [DEBUG] Adding concepts from C:\Users\testinium\IdeaProjects\AppiumArdaOdev\specs\Check.cpt
04-04-2022 11:27:06.477 [Gauge] [DEBUG] Adding concepts from C:\Users\testinium\IdeaProjects\AppiumArdaOdev\specs\Product.cpt
04-04-2022 11:27:06.477 [Gauge] [DEBUG] Adding concepts from C:\Users\testinium\IdeaProjects\AppiumArdaOdev\specs\Categories.cpt
04-04-2022 11:27:06.477 [Gauge] [DEBUG] Adding concepts from C:\Users\testinium\IdeaProjects\AppiumArdaOdev\specs\Check.cpt
04-04-2022 11:27:06.477 [Gauge] [DEBUG] Adding concepts from C:\Users\testinium\IdeaProjects\AppiumArdaOdev\specs\Login.cpt
04-04-2022 11:27:06.477 [Gauge] [DEBUG] Adding concepts from C:\Users\testinium\IdeaProjects\AppiumArdaOdev\specs\Product.cpt
04-04-2022 11:27:06.479 [Gauge] [INFO] Initializing specs cache with 1 specs
04-04-2022 11:27:06.479 [Gauge] [DEBUG] Adding specs from C:\Users\testinium\IdeaProjects\AppiumArdaOdev\specs\Scenario.spec
04-04-2022 11:27:06.479 [Gauge] [INFO] Initializing steps cache with 5 steps
04-04-2022 11:27:06.480 [Gauge] [INFO] Gauge daemon initialized and listening on port: 54458
04-04-2022 11:27:07.362 [Gauge] [DEBUG] Api Request Received: messageType:GetStepValueRequest messageId:4 stepValueRequest:<stepText:"<int> saniye kadar bekle" > 
04-04-2022 11:27:07.363 [Gauge] [DEBUG] Sending API response: messageType:GetStepValueResponse messageId:4 stepValueResponse:<stepValue:<stepValue:"{} saniye kadar bekle" parameterizedStepValue:"<int> saniye kadar bekle" parameters:"int" > > 
04-04-2022 11:27:07.383 [Gauge] [DEBUG] Api Request Received: messageType:GetStepValueRequest messageId:4 stepValueRequest:<stepText:"<id> elementin sayfada gorunur oldugunu kontrol et ve t\304\261kla" > 
04-04-2022 11:27:07.383 [Gauge] [DEBUG] Sending API response: messageType:GetStepValueResponse messageId:4 stepValueResponse:<stepValue:<stepValue:"{} elementin sayfada gorunur oldugunu kontrol et ve t\304\261kla" parameterizedStepValue:"<id> elementin sayfada gorunur oldugunu kontrol et ve t\304\261kla" parameters:"id" > > 
04-04-2022 11:27:07.401 [Gauge] [DEBUG] Api Request Received: messageType:GetStepValueRequest messageId:4 stepValueRequest:<stepText:"Sayfay\304\261 asa\304\237\304\261 do\304\237ru kayd\304\261r" > 
04-04-2022 11:27:07.401 [Gauge] [DEBUG] Sending API response: messageType:GetStepValueResponse messageId:4 stepValueResponse:<stepValue:<stepValue:"Sayfay\304\261 asa\304\237\304\261 do\304\237ru kayd\304\261r" parameterizedStepValue:"Sayfay\304\261 asa\304\237\304\261 do\304\237ru kayd\304\261r" > > 
04-04-2022 11:27:07.407 [Gauge] [DEBUG] Api Request Received: messageType:GetStepValueRequest messageId:4 stepValueRequest:<stepText:"Xpath <xpath> li elementi bul ve t\304\261kla" > 
04-04-2022 11:27:07.407 [Gauge] [DEBUG] Sending API response: messageType:GetStepValueResponse messageId:4 stepValueResponse:<stepValue:<stepValue:"Xpath {} li elementi bul ve t\304\261kla" parameterizedStepValue:"Xpath <xpath> li elementi bul ve t\304\261kla" parameters:"xpath" > > 
04-04-2022 11:27:07.411 [Gauge] [DEBUG] Api Request Received: messageType:GetStepValueRequest messageId:4 stepValueRequest:<stepText:"Id <id> li elementi bul ve t\304\261kla" > 
04-04-2022 11:27:07.411 [Gauge] [DEBUG] Sending API response: messageType:GetStepValueResponse messageId:4 stepValueResponse:<stepValue:<stepValue:"Id {} li elementi bul ve t\304\261kla" parameterizedStepValue:"Id <id> li elementi bul ve t\304\261kla" parameters:"id" > > 
04-04-2022 11:27:07.417 [Gauge] [DEBUG] Api Request Received: messageType:GetStepValueRequest messageId:4 stepValueRequest:<stepText:"Random <xpath> olarak \303\274r\303\274n se\303\247imi yap" > 
04-04-2022 11:27:07.417 [Gauge] [DEBUG] Sending API response: messageType:GetStepValueResponse messageId:4 stepValueResponse:<stepValue:<stepValue:"Random {} olarak \303\274r\303\274n se\303\247imi yap" parameterizedStepValue:"Random <xpath> olarak \303\274r\303\274n se\303\247imi yap" parameters:"xpath" > > 
04-04-2022 11:27:07.425 [Gauge] [DEBUG] Api Request Received: messageType:GetStepValueRequest messageId:4 stepValueRequest:<stepText:"Random <xpath> olarak beden se\303\247imi yap" > 
04-04-2022 11:27:07.425 [Gauge] [DEBUG] Sending API response: messageType:GetStepValueResponse messageId:4 stepValueResponse:<stepValue:<stepValue:"Random {} olarak beden se\303\247imi yap" parameterizedStepValue:"Random <xpath> olarak beden se\303\247imi yap" parameters:"xpath" > > 
04-04-2022 11:27:07.429 [Gauge] [DEBUG] Api Request Received: messageType:GetStepValueRequest messageId:4 stepValueRequest:<stepText:"<id> <text> kay\304\261tl\304\261 kullan\304\261c\304\261 bilgilerini gir" > 
04-04-2022 11:27:07.429 [Gauge] [DEBUG] Sending API response: messageType:GetStepValueResponse messageId:4 stepValueResponse:<stepValue:<stepValue:"{} {} kay\304\261tl\304\261 kullan\304\261c\304\261 bilgilerini gir" parameterizedStepValue:"<id> <text> kay\304\261tl\304\261 kullan\304\261c\304\261 bilgilerini gir" parameters:"id" parameters:"text" > > 
04-04-2022 11:27:07.444 [Gauge] [DEBUG] Api Request Received: messageType:GetStepValueRequest messageId:4 stepValueRequest:<stepText:"* \"3\" saniye kadar bekle" > 
04-04-2022 11:27:07.445 [Gauge] [DEBUG] Sending API response: messageType:GetStepValueResponse messageId:4 stepValueResponse:<stepValue:<stepValue:"* {} saniye kadar bekle" parameterizedStepValue:"* <3> saniye kadar bekle" parameters:"3" > > 
04-04-2022 11:27:07.445 [Gauge] [DEBUG] Api Request Received: messageType:GetStepValueRequest messageId:4 stepValueRequest:<stepText:"* Id \"com.ozdilek.ozdilekteyim:id/tv_startShoppingStore\" li elementi bul ve t\304\261kla" > 
04-04-2022 11:27:07.445 [Gauge] [DEBUG] Sending API response: messageType:GetStepValueResponse messageId:4 stepValueResponse:<stepValue:<stepValue:"* Id {} li elementi bul ve t\304\261kla" parameterizedStepValue:"* Id <com.ozdilek.ozdilekteyim:id/tv_startShoppingStore> li elementi bul ve t\304\261kla" parameters:"com.ozdilek.ozdilekteyim:id/tv_startShoppingStore" > > 
04-04-2022 11:27:07.445 [Gauge] [DEBUG] Api Request Received: messageType:GetStepValueRequest messageId:4 stepValueRequest:<stepText:"* \"3\"saniye kadar bekle" > 
04-04-2022 11:27:07.445 [Gauge] [DEBUG] Sending API response: messageType:GetStepValueResponse messageId:4 stepValueResponse:<stepValue:<stepValue:"* {}saniye kadar bekle" parameterizedStepValue:"* <3>saniye kadar bekle" parameters:"3" > > 
04-04-2022 11:27:07.445 [Gauge] [DEBUG] Api Request Received: messageType:GetStepValueRequest messageId:4 stepValueRequest:<stepText:"* \"com.ozdilek.ozdilekteyim:id/etEposta\" \"<arda.soykarafakili@testinium.com>\" kay\304\261tl\304\261 kullan\304\261c\304\261 bilgilerini gir" > 
04-04-2022 11:27:07.445 [Gauge] [DEBUG] Sending API response: messageType:GetStepValueResponse messageId:4 stepValueResponse:<stepValue:<stepValue:"* {} {} kay\304\261tl\304\261 kullan\304\261c\304\261 bilgilerini gir" parameterizedStepValue:"* <com.ozdilek.ozdilekteyim:id/etEposta> <<arda.soykarafakili@testinium.com>> kay\304\261tl\304\261 kullan\304\261c\304\261 bilgilerini gir" parameters:"com.ozdilek.ozdilekteyim:id/etEposta" parameters:"<arda.soykarafakili@testinium.com>" > > 
04-04-2022 11:27:07.445 [Gauge] [DEBUG] Api Request Received: messageType:GetStepValueRequest messageId:4 stepValueRequest:<stepText:"* \"com.ozdilek.ozdilekteyim:id/etPassword\" \"<robyarda107*>\" kay\304\261tl\304\261 kullan\304\261c\304\261 bilgilerini gir" > 
04-04-2022 11:27:07.445 [Gauge] [DEBUG] Sending API response: messageType:GetStepValueResponse messageId:4 stepValueResponse:<stepValue:<stepValue:"* {} {} kay\304\261tl\304\261 kullan\304\261c\304\261 bilgilerini gir" parameterizedStepValue:"* <com.ozdilek.ozdilekteyim:id/etPassword> <<robyarda107*>> kay\304\261tl\304\261 kullan\304\261c\304\261 bilgilerini gir" parameters:"com.ozdilek.ozdilekteyim:id/etPassword" parameters:"<robyarda107*>" > > 
04-04-2022 11:27:07.446 [Gauge] [DEBUG] Api Request Received: messageType:GetStepValueRequest messageId:4 stepValueRequest:<stepText:"* Random \"//*[@resource-id='com.ozdilek.ozdilekteyim:id/recyclerView']/android.widget.FrameLayout\" olarak \303\274r\303\274n se\303\247imi yap" > 
04-04-2022 11:27:07.446 [Gauge] [DEBUG] Sending API response: messageType:GetStepValueResponse messageId:4 stepValueResponse:<stepValue:<stepValue:"* Random {} olarak \303\274r\303\274n se\303\247imi yap" parameterizedStepValue:"* Random <//*[@resource-id='com.ozdilek.ozdilekteyim:id/recyclerView']/android.widget.FrameLayout> olarak \303\274r\303\274n se\303\247imi yap" parameters:"//*[@resource-id='com.ozdilek.ozdilekteyim:id/recyclerView']/android.widget.FrameLayout" > > 
04-04-2022 11:27:07.446 [Gauge] [DEBUG] Api Request Received: messageType:GetStepValueRequest messageId:4 stepValueRequest:<stepText:"* Random \"//*[@resource-id='com.ozdilek.ozdilekteyim:id/recyclerSizeList']\" olarak beden se\303\247imi yap" > 
04-04-2022 11:27:07.447 [Gauge] [DEBUG] Sending API response: messageType:GetStepValueResponse messageId:4 stepValueResponse:<stepValue:<stepValue:"* Random {} olarak beden se\303\247imi yap" parameterizedStepValue:"* Random <//*[@resource-id='com.ozdilek.ozdilekteyim:id/recyclerSizeList']> olarak beden se\303\247imi yap" parameters:"//*[@resource-id='com.ozdilek.ozdilekteyim:id/recyclerSizeList']" > > 
04-04-2022 11:27:07.447 [Gauge] [DEBUG] Api Request Received: messageType:GetStepValueRequest messageId:4 stepValueRequest:<stepText:"* Id \"com.ozdilek.ozdilekteyim:id/relLayAddCartBtn\" li elementi bul ve t\304\261kla" > 
04-04-2022 11:27:07.447 [Gauge] [DEBUG] Sending API response: messageType:GetStepValueResponse messageId:4 stepValueResponse:<stepValue:<stepValue:"* Id {} li elementi bul ve t\304\261kla" parameterizedStepValue:"* Id <com.ozdilek.ozdilekteyim:id/relLayAddCartBtn> li elementi bul ve t\304\261kla" parameters:"com.ozdilek.ozdilekteyim:id/relLayAddCartBtn" > > 
04-04-2022 11:27:07.447 [Gauge] [DEBUG] Api Request Received: messageType:GetStepValueRequest messageId:4 stepValueRequest:<stepText:"* Xpath \"xpath\" li elementi bul ve t\304\261kla" > 
04-04-2022 11:27:07.447 [Gauge] [DEBUG] Sending API response: messageType:GetStepValueResponse messageId:4 stepValueResponse:<stepValue:<stepValue:"* Xpath {} li elementi bul ve t\304\261kla" parameterizedStepValue:"* Xpath <xpath> li elementi bul ve t\304\261kla" parameters:"xpath" > > 
04-04-2022 11:27:07.447 [Gauge] [DEBUG] Api Request Received: messageType:GetStepValueRequest messageId:4 stepValueRequest:<stepText:"* Xpath \"//*[@resource-id='com.ozdilek.ozdilekteyim:id/imgAddFav']\" li elementi bul ve t\304\261kla" > 
04-04-2022 11:27:07.447 [Gauge] [DEBUG] Sending API response: messageType:GetStepValueResponse messageId:4 stepValueResponse:<stepValue:<stepValue:"* Xpath {} li elementi bul ve t\304\261kla" parameterizedStepValue:"* Xpath <//*[@resource-id='com.ozdilek.ozdilekteyim:id/imgAddFav']> li elementi bul ve t\304\261kla" parameters:"//*[@resource-id='com.ozdilek.ozdilekteyim:id/imgAddFav']" > > 
04-04-2022 11:27:07.447 [Gauge] [DEBUG] Api Request Received: messageType:GetStepValueRequest messageId:4 stepValueRequest:<stepText:"* Id \"com.ozdilek.ozdilekteyim:id/nav_categories\" li elementi bul ve t\304\261kla" > 
04-04-2022 11:27:07.447 [Gauge] [DEBUG] Sending API response: messageType:GetStepValueResponse messageId:4 stepValueResponse:<stepValue:<stepValue:"* Id {} li elementi bul ve t\304\261kla" parameterizedStepValue:"* Id <com.ozdilek.ozdilekteyim:id/nav_categories> li elementi bul ve t\304\261kla" parameters:"com.ozdilek.ozdilekteyim:id/nav_categories" > > 
04-04-2022 11:27:07.448 [Gauge] [DEBUG] Api Request Received: messageType:GetStepValueRequest messageId:4 stepValueRequest:<stepText:"* Id \"com.ozdilek.ozdilekteyim:id/ivBack\" li elementi bul ve t\304\261kla" > 
04-04-2022 11:27:07.448 [Gauge] [DEBUG] Sending API response: messageType:GetStepValueResponse messageId:4 stepValueResponse:<stepValue:<stepValue:"* Id {} li elementi bul ve t\304\261kla" parameterizedStepValue:"* Id <com.ozdilek.ozdilekteyim:id/ivBack> li elementi bul ve t\304\261kla" parameters:"com.ozdilek.ozdilekteyim:id/ivBack" > > 
04-04-2022 11:27:07.448 [Gauge] [DEBUG] Api Request Received: messageType:GetStepValueRequest messageId:4 stepValueRequest:<stepText:"* Xpath \"//*[@text='Kad\304\261n']\" li elementi bul ve t\304\261kla" > 
04-04-2022 11:27:07.448 [Gauge] [DEBUG] Sending API response: messageType:GetStepValueResponse messageId:4 stepValueResponse:<stepValue:<stepValue:"* Xpath {} li elementi bul ve t\304\261kla" parameterizedStepValue:"* Xpath <//*[@text='Kad\304\261n']> li elementi bul ve t\304\261kla" parameters:"//*[@text='Kad\304\261n']" > > 
04-04-2022 11:27:07.448 [Gauge] [DEBUG] Api Request Received: messageType:GetStepValueRequest messageId:4 stepValueRequest:<stepText:"* Xpath \"//*[@text='Pantolon']\" li elementi bul ve t\304\261kla" > 
04-04-2022 11:27:07.448 [Gauge] [DEBUG] Sending API response: messageType:GetStepValueResponse messageId:4 stepValueResponse:<stepValue:<stepValue:"* Xpath {} li elementi bul ve t\304\261kla" parameterizedStepValue:"* Xpath <//*[@text='Pantolon']> li elementi bul ve t\304\261kla" parameters:"//*[@text='Pantolon']" > > 
04-04-2022 11:27:07.448 [Gauge] [DEBUG] Api Request Received: messageType:GetStepValueRequest messageId:4 stepValueRequest:<stepText:"* Sayfay\304\261 asa\304\237\304\261 do\304\237ru kayd\304\261r" > 
04-04-2022 11:27:07.448 [Gauge] [DEBUG] Sending API response: messageType:GetStepValueResponse messageId:4 stepValueResponse:<stepValue:<stepValue:"* Sayfay\304\261 asa\304\237\304\261 do\304\237ru kayd\304\261r" parameterizedStepValue:"* Sayfay\304\261 asa\304\237\304\261 do\304\237ru kayd\304\261r" > > 
04-04-2022 11:27:07.449 [Gauge] [DEBUG] Api Request Received: messageType:GetStepValueRequest messageId:4 stepValueRequest:<stepText:"\303\226zdilekteyim uygulamas\304\261 a\303\247\304\261l\304\261r." > 
04-04-2022 11:27:07.449 [Gauge] [DEBUG] Sending API response: messageType:GetStepValueResponse messageId:4 stepValueResponse:<stepValue:<stepValue:"\303\226zdilekteyim uygulamas\304\261 a\303\247\304\261l\304\261r." parameterizedStepValue:"\303\226zdilekteyim uygulamas\304\261 a\303\247\304\261l\304\261r." > > 
04-04-2022 11:27:07.449 [Gauge] [DEBUG] Api Request Received: messageType:GetStepValueRequest messageId:4 stepValueRequest:<stepText:"Uygulaman\304\261n a\303\247\304\261ld\304\261\304\237\304\261 kontrol edilir" > 
04-04-2022 11:27:07.449 [Gauge] [DEBUG] Sending API response: messageType:GetStepValueResponse messageId:4 stepValueResponse:<stepValue:<stepValue:"Uygulaman\304\261n a\303\247\304\261ld\304\261\304\237\304\261 kontrol edilir" parameterizedStepValue:"Uygulaman\304\261n a\303\247\304\261ld\304\261\304\237\304\261 kontrol edilir" > > 
04-04-2022 11:27:07.449 [Gauge] [DEBUG] Api Request Received: messageType:GetStepValueRequest messageId:4 stepValueRequest:<stepText:"Al\304\261\305\237veri\305\237e ba\305\237la butonuna t\304\261klan\304\261r" > 
04-04-2022 11:27:07.449 [Gauge] [DEBUG] Sending API response: messageType:GetStepValueResponse messageId:4 stepValueResponse:<stepValue:<stepValue:"Al\304\261\305\237veri\305\237e ba\305\237la butonuna t\304\261klan\304\261r" parameterizedStepValue:"Al\304\261\305\237veri\305\237e ba\305\237la butonuna t\304\261klan\304\261r" > > 
04-04-2022 11:27:07.449 [Gauge] [DEBUG] Api Request Received: messageType:GetStepValueRequest messageId:4 stepValueRequest:<stepText:"Al\304\261\305\237veri\305\237 sayfas\304\261n\304\261n a\303\247\304\261ld\304\261\304\237\304\261 do\304\237rulan\304\261r." > 
04-04-2022 11:27:07.449 [Gauge] [DEBUG] Sending API response: messageType:GetStepValueResponse messageId:4 stepValueResponse:<stepValue:<stepValue:"Al\304\261\305\237veri\305\237 sayfas\304\261n\304\261n a\303\247\304\261ld\304\261\304\237\304\261 do\304\237rulan\304\261r." parameterizedStepValue:"Al\304\261\305\237veri\305\237 sayfas\304\261n\304\261n a\303\247\304\261ld\304\261\304\237\304\261 do\304\237rulan\304\261r." > > 
04-04-2022 11:27:07.449 [Gauge] [DEBUG] Api Request Received: messageType:GetStepValueRequest messageId:4 stepValueRequest:<stepText:"Kategoriler sayfas\304\261 a\303\247\304\261l\304\261r." > 
04-04-2022 11:27:07.449 [Gauge] [DEBUG] Sending API response: messageType:GetStepValueResponse messageId:4 stepValueResponse:<stepValue:<stepValue:"Kategoriler sayfas\304\261 a\303\247\304\261l\304\261r." parameterizedStepValue:"Kategoriler sayfas\304\261 a\303\247\304\261l\304\261r." > > 
04-04-2022 11:27:07.450 [Gauge] [DEBUG] Api Request Received: messageType:GetStepValueRequest messageId:4 stepValueRequest:<stepText:"Kategoriler sayfas\304\261n\304\261n a\303\247\304\261ld\304\261\304\237\304\261 do\304\237rulan\304\261r." > 
04-04-2022 11:27:07.450 [Gauge] [DEBUG] Sending API response: messageType:GetStepValueResponse messageId:4 stepValueResponse:<stepValue:<stepValue:"Kategoriler sayfas\304\261n\304\261n a\303\247\304\261ld\304\261\304\237\304\261 do\304\237rulan\304\261r." parameterizedStepValue:"Kategoriler sayfas\304\261n\304\261n a\303\247\304\261ld\304\261\304\237\304\261 do\304\237rulan\304\261r." > > 
04-04-2022 11:27:07.450 [Gauge] [DEBUG] Api Request Received: messageType:GetStepValueRequest messageId:4 stepValueRequest:<stepText:"Men\303\274den Kad\304\261n se\303\247ene\304\237ine t\304\261klan\304\261r." > 
04-04-2022 11:27:07.450 [Gauge] [DEBUG] Sending API response: messageType:GetStepValueResponse messageId:4 stepValueResponse:<stepValue:<stepValue:"Men\303\274den Kad\304\261n se\303\247ene\304\237ine t\304\261klan\304\261r." parameterizedStepValue:"Men\303\274den Kad\304\261n se\303\247ene\304\237ine t\304\261klan\304\261r." > > 
04-04-2022 11:27:07.450 [Gauge] [DEBUG] Api Request Received: messageType:GetStepValueRequest messageId:4 stepValueRequest:<stepText:"Pantolon kategorisi a\303\247\304\261l\304\261r." > 
04-04-2022 11:27:07.450 [Gauge] [DEBUG] Sending API response: messageType:GetStepValueResponse messageId:4 stepValueResponse:<stepValue:<stepValue:"Pantolon kategorisi a\303\247\304\261l\304\261r." parameterizedStepValue:"Pantolon kategorisi a\303\247\304\261l\304\261r." > > 
04-04-2022 11:27:07.450 [Gauge] [DEBUG] Api Request Received: messageType:GetStepValueRequest messageId:4 stepValueRequest:<stepText:"Sayfa 2 kere scroll edilir." > 
04-04-2022 11:27:07.450 [Gauge] [DEBUG] Sending API response: messageType:GetStepValueResponse messageId:4 stepValueResponse:<stepValue:<stepValue:"Sayfa 2 kere scroll edilir." parameterizedStepValue:"Sayfa 2 kere scroll edilir." > > 
04-04-2022 11:27:07.450 [Gauge] [DEBUG] Api Request Received: messageType:GetStepValueRequest messageId:4 stepValueRequest:<stepText:"\303\234r\303\274nlerden rastgele bir \303\274r\303\274n se\303\247ilir." > 
04-04-2022 11:27:07.450 [Gauge] [DEBUG] Sending API response: messageType:GetStepValueResponse messageId:4 stepValueResponse:<stepValue:<stepValue:"\303\234r\303\274nlerden rastgele bir \303\274r\303\274n se\303\247ilir." parameterizedStepValue:"\303\234r\303\274nlerden rastgele bir \303\274r\303\274n se\303\247ilir." > > 
04-04-2022 11:27:07.450 [Gauge] [DEBUG] Api Request Received: messageType:GetStepValueRequest messageId:4 stepValueRequest:<stepText:"\303\234r\303\274n detay sayfas\304\261 a\303\247\304\261ld\304\261\304\237\304\261 kontrol edilir." > 
04-04-2022 11:27:07.450 [Gauge] [DEBUG] Sending API response: messageType:GetStepValueResponse messageId:4 stepValueResponse:<stepValue:<stepValue:"\303\234r\303\274n detay sayfas\304\261 a\303\247\304\261ld\304\261\304\237\304\261 kontrol edilir." parameterizedStepValue:"\303\234r\303\274n detay sayfas\304\261 a\303\247\304\261ld\304\261\304\237\304\261 kontrol edilir." > > 
04-04-2022 11:27:07.451 [Gauge] [DEBUG] Api Request Received: messageType:GetStepValueRequest messageId:4 stepValueRequest:<stepText:"Favoriler butonuna t\304\261klan\304\261r." > 
04-04-2022 11:27:07.451 [Gauge] [DEBUG] Sending API response: messageType:GetStepValueResponse messageId:4 stepValueResponse:<stepValue:<stepValue:"Favoriler butonuna t\304\261klan\304\261r." parameterizedStepValue:"Favoriler butonuna t\304\261klan\304\261r." > > 
04-04-2022 11:27:07.451 [Gauge] [DEBUG] Api Request Received: messageType:GetStepValueRequest messageId:4 stepValueRequest:<stepText:"Giri\305\237 yapma sayfas\304\261n\304\261n a\303\247\304\261ld\304\261\304\237\304\261 do\304\237rulan\304\261r." > 
04-04-2022 11:27:07.451 [Gauge] [DEBUG] Sending API response: messageType:GetStepValueResponse messageId:4 stepValueResponse:<stepValue:<stepValue:"Giri\305\237 yapma sayfas\304\261n\304\261n a\303\247\304\261ld\304\261\304\237\304\261 do\304\237rulan\304\261r." parameterizedStepValue:"Giri\305\237 yapma sayfas\304\261n\304\261n a\303\247\304\261ld\304\261\304\237\304\261 do\304\237rulan\304\261r." > > 
04-04-2022 11:27:07.451 [Gauge] [DEBUG] Api Request Received: messageType:GetStepValueRequest messageId:4 stepValueRequest:<stepText:"Kullan\304\261c\304\261 ad\304\261 alan\304\261na text bilgisi girilir." > 
04-04-2022 11:27:07.451 [Gauge] [DEBUG] Sending API response: messageType:GetStepValueResponse messageId:4 stepValueResponse:<stepValue:<stepValue:"Kullan\304\261c\304\261 ad\304\261 alan\304\261na text bilgisi girilir." parameterizedStepValue:"Kullan\304\261c\304\261 ad\304\261 alan\304\261na text bilgisi girilir." > > 
04-04-2022 11:27:07.451 [Gauge] [DEBUG] Api Request Received: messageType:GetStepValueRequest messageId:4 stepValueRequest:<stepText:"Password alan\304\261na \305\237ifre yaz\304\261l\304\261r." > 
04-04-2022 11:27:07.451 [Gauge] [DEBUG] Sending API response: messageType:GetStepValueResponse messageId:4 stepValueResponse:<stepValue:<stepValue:"Password alan\304\261na \305\237ifre yaz\304\261l\304\261r." parameterizedStepValue:"Password alan\304\261na \305\237ifre yaz\304\261l\304\261r." > > 
04-04-2022 11:27:07.451 [Gauge] [DEBUG] Api Request Received: messageType:GetStepValueRequest messageId:4 stepValueRequest:<stepText:"Geri butonuna 2 kere t\304\261klan\304\261r." > 
04-04-2022 11:27:07.451 [Gauge] [DEBUG] Sending API response: messageType:GetStepValueResponse messageId:4 stepValueResponse:<stepValue:<stepValue:"Geri butonuna 2 kere t\304\261klan\304\261r." parameterizedStepValue:"Geri butonuna 2 kere t\304\261klan\304\261r." > > 
04-04-2022 11:27:07.452 [Gauge] [DEBUG] Api Request Received: messageType:GetStepValueRequest messageId:4 stepValueRequest:<stepText:"Rastgele bir \303\274r\303\274n se\303\247ilir." > 
04-04-2022 11:27:07.452 [Gauge] [DEBUG] Sending API response: messageType:GetStepValueResponse messageId:4 stepValueResponse:<stepValue:<stepValue:"Rastgele bir \303\274r\303\274n se\303\247ilir." parameterizedStepValue:"Rastgele bir \303\274r\303\274n se\303\247ilir." > > 
04-04-2022 11:27:07.452 [Gauge] [DEBUG] Api Request Received: messageType:GetStepValueRequest messageId:4 stepValueRequest:<stepText:"Se\303\247ilen \303\274r\303\274n sepete eklenir." > 
04-04-2022 11:27:07.452 [Gauge] [DEBUG] Sending API response: messageType:GetStepValueResponse messageId:4 stepValueResponse:<stepValue:<stepValue:"Se\303\247ilen \303\274r\303\274n sepete eklenir." parameterizedStepValue:"Se\303\247ilen \303\274r\303\274n sepete eklenir." > > 
04-04-2022 11:27:12.175 [Gauge] [DEBUG] Api Request Received: messageType:GetStepValueRequest messageId:4 stepValueRequest:<stepText:"\"3\" saniye kadar bekle" > 
04-04-2022 11:27:12.175 [Gauge] [DEBUG] Sending API response: messageType:GetStepValueResponse messageId:4 stepValueResponse:<stepValue:<stepValue:"{} saniye kadar bekle" parameterizedStepValue:"<3> saniye kadar bekle" parameters:"3" > > 
04-04-2022 11:27:12.467 [Gauge] [DEBUG] Api Request Received: messageType:GetStepValueRequest messageId:4 stepValueRequest:<stepText:"Id \"com.ozdilek.ozdilekteyim:id/tv_startShoppingStore\" li elementi bul ve t\304\261kla" > 
04-04-2022 11:27:12.467 [Gauge] [DEBUG] Sending API response: messageType:GetStepValueResponse messageId:4 stepValueResponse:<stepValue:<stepValue:"Id {} li elementi bul ve t\304\261kla" parameterizedStepValue:"Id <com.ozdilek.ozdilekteyim:id/tv_startShoppingStore> li elementi bul ve t\304\261kla" parameters:"com.ozdilek.ozdilekteyim:id/tv_startShoppingStore" > > 
04-04-2022 11:27:12.469 [Gauge] [DEBUG] Api Request Received: messageType:GetStepValueRequest messageId:4 stepValueRequest:<stepText:"\"3\"saniye kadar bekle" > 
04-04-2022 11:27:12.469 [Gauge] [DEBUG] Sending API response: messageType:GetStepValueResponse messageId:4 stepValueResponse:<stepValue:<stepValue:"{}saniye kadar bekle" parameterizedStepValue:"<3>saniye kadar bekle" parameters:"3" > > 
04-04-2022 11:27:12.573 [Gauge] [DEBUG] Api Request Received: messageType:GetStepValueRequest messageId:4 stepValueRequest:<stepText:" Uygulaman\304\261n a\303\247\304\261ld\304\261\304\237\304\261 kontrol edilir." > 
04-04-2022 11:27:12.573 [Gauge] [DEBUG] Sending API response: messageType:GetStepValueResponse messageId:4 stepValueResponse:<stepValue:<stepValue:"Uygulaman\304\261n a\303\247\304\261ld\304\261\304\237\304\261 kontrol edilir." parameterizedStepValue:"Uygulaman\304\261n a\303\247\304\261ld\304\261\304\237\304\261 kontrol edilir." > > 
04-04-2022 11:27:12.573 [Gauge] [DEBUG] Api Request Received: messageType:GetStepValueRequest messageId:4 stepValueRequest:<stepText:" Giri\305\237 yapma sayfas\304\261n\304\261n a\303\247\304\261ld\304\261\304\237\304\261 do\304\237rulan\304\261r." > 
04-04-2022 11:27:12.573 [Gauge] [DEBUG] Sending API response: messageType:GetStepValueResponse messageId:4 stepValueResponse:<stepValue:<stepValue:"Giri\305\237 yapma sayfas\304\261n\304\261n a\303\247\304\261ld\304\261\304\237\304\261 do\304\237rulan\304\261r." parameterizedStepValue:"Giri\305\237 yapma sayfas\304\261n\304\261n a\303\247\304\261ld\304\261\304\237\304\261 do\304\237rulan\304\261r." > > 
04-04-2022 11:27:12.574 [Gauge] [DEBUG] Api Request Received: messageType:GetStepValueRequest messageId:4 stepValueRequest:<stepText:" Kategoriler sayfas\304\261n\304\261n a\303\247\304\261ld\304\261\304\237\304\261 do\304\237rulan\304\261r." > 
04-04-2022 11:27:12.574 [Gauge] [DEBUG] Sending API response: messageType:GetStepValueResponse messageId:4 stepValueResponse:<stepValue:<stepValue:"Kategoriler sayfas\304\261n\304\261n a\303\247\304\261ld\304\261\304\237\304\261 do\304\237rulan\304\261r." parameterizedStepValue:"Kategoriler sayfas\304\261n\304\261n a\303\247\304\261ld\304\261\304\237\304\261 do\304\237rulan\304\261r." > > 
04-04-2022 11:27:12.574 [Gauge] [DEBUG] Api Request Received: messageType:GetStepValueRequest messageId:4 stepValueRequest:<stepText:" \303\234r\303\274n detay sayfas\304\261 a\303\247\304\261ld\304\261\304\237\304\261 kontrol edilir." > 
04-04-2022 11:27:12.574 [Gauge] [DEBUG] Sending API response: messageType:GetStepValueResponse messageId:4 stepValueResponse:<stepValue:<stepValue:"\303\234r\303\274n detay sayfas\304\261 a\303\247\304\261ld\304\261\304\237\304\261 kontrol edilir." parameterizedStepValue:"\303\234r\303\274n detay sayfas\304\261 a\303\247\304\261ld\304\261\304\237\304\261 kontrol edilir." > > 
04-04-2022 11:27:12.574 [Gauge] [DEBUG] Api Request Received: messageType:GetStepValueRequest messageId:4 stepValueRequest:<stepText:" Geri butonuna 2 kere t\304\261klan\304\261r." > 
04-04-2022 11:27:12.574 [Gauge] [DEBUG] Sending API response: messageType:GetStepValueResponse messageId:4 stepValueResponse:<stepValue:<stepValue:"Geri butonuna 2 kere t\304\261klan\304\261r." parameterizedStepValue:"Geri butonuna 2 kere t\304\261klan\304\261r." > > 
04-04-2022 11:27:12.574 [Gauge] [DEBUG] Api Request Received: messageType:GetStepValueRequest messageId:4 stepValueRequest:<stepText:" \303\226zdilekteyim uygulamas\304\261 a\303\247\304\261l\304\261r." > 
04-04-2022 11:27:12.574 [Gauge] [DEBUG] Sending API response: messageType:GetStepValueResponse messageId:4 stepValueResponse:<stepValue:<stepValue:"\303\226zdilekteyim uygulamas\304\261 a\303\247\304\261l\304\261r." parameterizedStepValue:"\303\226zdilekteyim uygulamas\304\261 a\303\247\304\261l\304\261r." > > 
04-04-2022 11:27:12.575 [Gauge] [DEBUG] Api Request Received: messageType:GetStepValueRequest messageId:4 stepValueRequest:<stepText:" Kullan\304\261c\304\261 ad\304\261 alan\304\261na text bilgisi girilir." > 
04-04-2022 11:27:12.575 [Gauge] [DEBUG] Sending API response: messageType:GetStepValueResponse messageId:4 stepValueResponse:<stepValue:<stepValue:"Kullan\304\261c\304\261 ad\304\261 alan\304\261na text bilgisi girilir." parameterizedStepValue:"Kullan\304\261c\304\261 ad\304\261 alan\304\261na text bilgisi girilir." > > 
04-04-2022 11:27:12.575 [Gauge] [DEBUG] Api Request Received: messageType:GetStepValueRequest messageId:4 stepValueRequest:<stepText:" Password alan\304\261na \305\237ifre yaz\304\261l\304\261r." > 
04-04-2022 11:27:12.575 [Gauge] [DEBUG] Sending API response: messageType:GetStepValueResponse messageId:4 stepValueResponse:<stepValue:<stepValue:"Password alan\304\261na \305\237ifre yaz\304\261l\304\261r." parameterizedStepValue:"Password alan\304\261na \305\237ifre yaz\304\261l\304\261r." > > 
04-04-2022 11:27:12.575 [Gauge] [DEBUG] Api Request Received: messageType:GetStepValueRequest messageId:4 stepValueRequest:<stepText:" Kategoriler Sayfas\304\261 A\303\247\304\261l\304\261r" > 
04-04-2022 11:27:12.575 [Gauge] [DEBUG] Sending API response: messageType:GetStepValueResponse messageId:4 stepValueResponse:<stepValue:<stepValue:"Kategoriler Sayfas\304\261 A\303\247\304\261l\304\261r" parameterizedStepValue:"Kategoriler Sayfas\304\261 A\303\247\304\261l\304\261r" > > 
04-04-2022 11:27:12.575 [Gauge] [DEBUG] Api Request Received: messageType:GetStepValueRequest messageId:4 stepValueRequest:<stepText:" Men\303\274den \"Kad\304\261n\" se\303\247ene\304\237ine t\304\261klan\304\261r" > 
04-04-2022 11:27:12.575 [Gauge] [DEBUG] Sending API response: messageType:GetStepValueResponse messageId:4 stepValueResponse:<stepValue:<stepValue:"Men\303\274den {} se\303\247ene\304\237ine t\304\261klan\304\261r" parameterizedStepValue:"Men\303\274den <Kad\304\261n> se\303\247ene\304\237ine t\304\261klan\304\261r" parameters:"Kad\304\261n" > > 
04-04-2022 11:27:12.575 [Gauge] [DEBUG] Api Request Received: messageType:GetStepValueRequest messageId:4 stepValueRequest:<stepText:" \"Pantolon\" Kategorisi a\303\247\304\261l\304\261r" > 
04-04-2022 11:27:12.575 [Gauge] [DEBUG] Sending API response: messageType:GetStepValueResponse messageId:4 stepValueResponse:<stepValue:<stepValue:"{} Kategorisi a\303\247\304\261l\304\261r" parameterizedStepValue:"<Pantolon> Kategorisi a\303\247\304\261l\304\261r" parameters:"Pantolon" > > 
04-04-2022 11:27:12.575 [Gauge] [DEBUG] Api Request Received: messageType:GetStepValueRequest messageId:4 stepValueRequest:<stepText:" Sayfa 2 kere scroll edilir." > 
04-04-2022 11:27:12.575 [Gauge] [DEBUG] Sending API response: messageType:GetStepValueResponse messageId:4 stepValueResponse:<stepValue:<stepValue:"Sayfa 2 kere scroll edilir." parameterizedStepValue:"Sayfa 2 kere scroll edilir." > > 
04-04-2022 11:27:12.576 [Gauge] [DEBUG] Api Request Received: messageType:GetStepValueRequest messageId:4 stepValueRequest:<stepText:" \303\234r\303\274nlerden rastgele bir \303\274r\303\274n se\303\247ilir." > 
04-04-2022 11:27:12.576 [Gauge] [DEBUG] Sending API response: messageType:GetStepValueResponse messageId:4 stepValueResponse:<stepValue:<stepValue:"\303\234r\303\274nlerden rastgele bir \303\274r\303\274n se\303\247ilir." parameterizedStepValue:"\303\234r\303\274nlerden rastgele bir \303\274r\303\274n se\303\247ilir." > > 
04-04-2022 11:27:12.576 [Gauge] [DEBUG] Api Request Received: messageType:GetStepValueRequest messageId:4 stepValueRequest:<stepText:" Rastgele bir \303\274r\303\274n se\303\247ilir." > 
04-04-2022 11:27:12.576 [Gauge] [DEBUG] Sending API response: messageType:GetStepValueResponse messageId:4 stepValueResponse:<stepValue:<stepValue:"Rastgele bir \303\274r\303\274n se\303\247ilir." parameterizedStepValue:"Rastgele bir \303\274r\303\274n se\303\247ilir." > > 
04-04-2022 11:27:12.576 [Gauge] [DEBUG] Api Request Received: messageType:GetStepValueRequest messageId:4 stepValueRequest:<stepText:" Se\303\247ilen \303\274r\303\274n sepete eklenir." > 
04-04-2022 11:27:12.577 [Gauge] [DEBUG] Sending API response: messageType:GetStepValueResponse messageId:4 stepValueResponse:<stepValue:<stepValue:"Se\303\247ilen \303\274r\303\274n sepete eklenir." parameterizedStepValue:"Se\303\247ilen \303\274r\303\274n sepete eklenir." > > 
04-04-2022 11:27:12.582 [Gauge] [DEBUG] Api Request Received: messageType:GetStepValueRequest messageId:4 stepValueRequest:<stepText:"\"com.ozdilek.ozdilekteyim:id/etEposta\" \"<arda.soykarafakili@testinium.com>\" kay\304\261tl\304\261 kullan\304\261c\304\261 bilgilerini gir" > 
04-04-2022 11:27:12.582 [Gauge] [DEBUG] Sending API response: messageType:GetStepValueResponse messageId:4 stepValueResponse:<stepValue:<stepValue:"{} {} kay\304\261tl\304\261 kullan\304\261c\304\261 bilgilerini gir" parameterizedStepValue:"<com.ozdilek.ozdilekteyim:id/etEposta> <<arda.soykarafakili@testinium.com>> kay\304\261tl\304\261 kullan\304\261c\304\261 bilgilerini gir" parameters:"com.ozdilek.ozdilekteyim:id/etEposta" parameters:"<arda.soykarafakili@testinium.com>" > > 
04-04-2022 11:27:12.585 [Gauge] [DEBUG] Api Request Received: messageType:GetStepValueRequest messageId:4 stepValueRequest:<stepText:"\"com.ozdilek.ozdilekteyim:id/etPassword\" \"<robyarda107*>\" kay\304\261tl\304\261 kullan\304\261c\304\261 bilgilerini gir" > 
04-04-2022 11:27:12.585 [Gauge] [DEBUG] Sending API response: messageType:GetStepValueResponse messageId:4 stepValueResponse:<stepValue:<stepValue:"{} {} kay\304\261tl\304\261 kullan\304\261c\304\261 bilgilerini gir" parameterizedStepValue:"<com.ozdilek.ozdilekteyim:id/etPassword> <<robyarda107*>> kay\304\261tl\304\261 kullan\304\261c\304\261 bilgilerini gir" parameters:"com.ozdilek.ozdilekteyim:id/etPassword" parameters:"<robyarda107*>" > > 
04-04-2022 11:27:37.743 [Gauge] [DEBUG] Api Request Received: messageType:GetStepValueRequest messageId:4 stepValueRequest:<stepText:"Random \"//*[@resource-id='com.ozdilek.ozdilekteyim:id/recyclerView']/android.widget.FrameLayout\" olarak \303\274r\303\274n se\303\247imi yap" > 
04-04-2022 11:27:37.743 [Gauge] [DEBUG] Sending API response: messageType:GetStepValueResponse messageId:4 stepValueResponse:<stepValue:<stepValue:"Random {} olarak \303\274r\303\274n se\303\247imi yap" parameterizedStepValue:"Random <//*[@resource-id='com.ozdilek.ozdilekteyim:id/recyclerView']/android.widget.FrameLayout> olarak \303\274r\303\274n se\303\247imi yap" parameters:"//*[@resource-id='com.ozdilek.ozdilekteyim:id/recyclerView']/android.widget.FrameLayout" > > 
04-04-2022 11:27:37.752 [Gauge] [DEBUG] Api Request Received: messageType:GetStepValueRequest messageId:4 stepValueRequest:<stepText:"Random \"//*[@resource-id='com.ozdilek.ozdilekteyim:id/recyclerSizeList']\" olarak beden se\303\247imi yap" > 
04-04-2022 11:27:37.752 [Gauge] [DEBUG] Sending API response: messageType:GetStepValueResponse messageId:4 stepValueResponse:<stepValue:<stepValue:"Random {} olarak beden se\303\247imi yap" parameterizedStepValue:"Random <//*[@resource-id='com.ozdilek.ozdilekteyim:id/recyclerSizeList']> olarak beden se\303\247imi yap" parameters:"//*[@resource-id='com.ozdilek.ozdilekteyim:id/recyclerSizeList']" > > 
04-04-2022 11:27:37.753 [Gauge] [DEBUG] Api Request Received: messageType:GetStepValueRequest messageId:4 stepValueRequest:<stepText:"Id \"com.ozdilek.ozdilekteyim:id/relLayAddCartBtn\" li elementi bul ve t\304\261kla" > 
04-04-2022 11:27:37.753 [Gauge] [DEBUG] Sending API response: messageType:GetStepValueResponse messageId:4 stepValueResponse:<stepValue:<stepValue:"Id {} li elementi bul ve t\304\261kla" parameterizedStepValue:"Id <com.ozdilek.ozdilekteyim:id/relLayAddCartBtn> li elementi bul ve t\304\261kla" parameters:"com.ozdilek.ozdilekteyim:id/relLayAddCartBtn" > > 
04-04-2022 11:27:39.095 [Gauge] [DEBUG] Api Request Received: messageType:GetStepValueRequest messageId:4 stepValueRequest:<stepText:"Id \"com.ozdilek.ozdilekteyim:id/nav_categories\" li elementi bul ve t\304\261kla" > 
04-04-2022 11:27:39.096 [Gauge] [DEBUG] Sending API response: messageType:GetStepValueResponse messageId:4 stepValueResponse:<stepValue:<stepValue:"Id {} li elementi bul ve t\304\261kla" parameterizedStepValue:"Id <com.ozdilek.ozdilekteyim:id/nav_categories> li elementi bul ve t\304\261kla" parameters:"com.ozdilek.ozdilekteyim:id/nav_categories" > > 
04-04-2022 11:27:39.168 [Gauge] [DEBUG] Api Request Received: messageType:GetStepValueRequest messageId:4 stepValueRequest:<stepText:"Xpath \"//*[@text='Kad\304\261n']\" li elementi bul ve t\304\261kla" > 
04-04-2022 11:27:39.168 [Gauge] [DEBUG] Sending API response: messageType:GetStepValueResponse messageId:4 stepValueResponse:<stepValue:<stepValue:"Xpath {} li elementi bul ve t\304\261kla" parameterizedStepValue:"Xpath <//*[@text='Kad\304\261n']> li elementi bul ve t\304\261kla" parameters:"//*[@text='Kad\304\261n']" > > 
04-04-2022 11:27:39.170 [Gauge] [DEBUG] Api Request Received: messageType:GetStepValueRequest messageId:4 stepValueRequest:<stepText:"Xpath \"//*[@text='Pantolon']\" li elementi bul ve t\304\261kla" > 
04-04-2022 11:27:39.170 [Gauge] [DEBUG] Sending API response: messageType:GetStepValueResponse messageId:4 stepValueResponse:<stepValue:<stepValue:"Xpath {} li elementi bul ve t\304\261kla" parameterizedStepValue:"Xpath <//*[@text='Pantolon']> li elementi bul ve t\304\261kla" parameters:"//*[@text='Pantolon']" > > 
04-04-2022 11:27:45.618 [Gauge] [DEBUG] Api Request Received: messageType:GetStepValueRequest messageId:4 stepValueRequest:<stepText:"Xpath \"xpath\" li elementi bul ve t\304\261kla" > 
04-04-2022 11:27:45.620 [Gauge] [DEBUG] Sending API response: messageType:GetStepValueResponse messageId:4 stepValueResponse:<stepValue:<stepValue:"Xpath {} li elementi bul ve t\304\261kla" parameterizedStepValue:"Xpath <xpath> li elementi bul ve t\304\261kla" parameters:"xpath" > > 
04-04-2022 11:27:45.960 [Gauge] [DEBUG] Api Request Received: messageType:GetStepValueRequest messageId:4 stepValueRequest:<stepText:"Xpath \"//*[@resource-id='com.ozdilek.ozdilekteyim:id/imgAddFav']\" li elementi bul ve t\304\261kla" > 
04-04-2022 11:27:45.961 [Gauge] [DEBUG] Sending API response: messageType:GetStepValueResponse messageId:4 stepValueResponse:<stepValue:<stepValue:"Xpath {} li elementi bul ve t\304\261kla" parameterizedStepValue:"Xpath <//*[@resource-id='com.ozdilek.ozdilekteyim:id/imgAddFav']> li elementi bul ve t\304\261kla" parameters:"//*[@resource-id='com.ozdilek.ozdilekteyim:id/imgAddFav']" > > 
04-04-2022 11:27:45.972 [Gauge] [DEBUG] Api Request Received: messageType:GetStepValueRequest messageId:4 stepValueRequest:<stepText:"Id \"com.ozdilek.ozdilekteyim:id/ivBack\" li elementi bul ve t\304\261kla" > 
04-04-2022 11:27:45.972 [Gauge] [DEBUG] Sending API response: messageType:GetStepValueResponse messageId:4 stepValueResponse:<stepValue:<stepValue:"Id {} li elementi bul ve t\304\261kla" parameterizedStepValue:"Id <com.ozdilek.ozdilekteyim:id/ivBack> li elementi bul ve t\304\261kla" parameters:"com.ozdilek.ozdilekteyim:id/ivBack" > > 
04-04-2022 11:27:52.092 [Gauge] [DEBUG] Api Request Received: messageType:GetStepValueRequest messageId:4 stepValueRequest:<stepText:"Al\304\261\305\237veri\305\237e ba\305\237la butonuna t\304\261klan\304\261r." > 
04-04-2022 11:27:52.092 [Gauge] [DEBUG] Sending API response: messageType:GetStepValueResponse messageId:4 stepValueResponse:<stepValue:<stepValue:"Al\304\261\305\237veri\305\237e ba\305\237la butonuna t\304\261klan\304\261r." parameterizedStepValue:"Al\304\261\305\237veri\305\237e ba\305\237la butonuna t\304\261klan\304\261r." > > 
04-04-2022 11:27:52.337 [Gauge] [DEBUG] Api Request Received: messageType:GetAllStepsRequest messageId:2 allStepsRequest:<> 
04-04-2022 11:27:52.338 [Gauge] [DEBUG] Sending API response: messageType:GetAllStepResponse messageId:2 allStepsResponse:<allSteps:<stepValue:"Sayfay\304\261 asa\304\237\304\261 do\304\237ru kayd\304\261r" parameterizedStepValue:"Sayfay\304\261 asa\304\237\304\261 do\304\237ru kayd\304\261r" > allSteps:<stepValue:"Id {} li elementi bul ve t\304\261kla" parameterizedStepValue:"Id <com.ozdilek.ozdilekteyim:id/relLayAddCartBtn> li elementi bul ve t\304\261kla" parameters:"com.ozdilek.ozdilekteyim:id/relLayAddCartBtn" > allSteps:<stepValue:"Kategoriler sayfas\304\261 a\303\247\304\261l\304\261r." parameterizedStepValue:"Kategoriler sayfas\304\261 a\303\247\304\261l\304\261r." > allSteps:<stepValue:"Favoriler butonuna t\304\261klan\304\261r." parameterizedStepValue:"Favoriler butonuna t\304\261klan\304\261r." > allSteps:<stepValue:"Xpath {} li elementi bul ve t\304\261kla" parameterizedStepValue:"Xpath <//*[@resource-id='com.ozdilek.ozdilekteyim:id/imgAddFav']> li elementi bul ve t\304\261kla" parameters:"//*[@resource-id='com.ozdilek.ozdilekteyim:id/imgAddFav']" > allSteps:<stepValue:"Uygulaman\304\261n a\303\247\304\261ld\304\261\304\237\304\261 kontrol edilir" parameterizedStepValue:"Uygulaman\304\261n a\303\247\304\261ld\304\261\304\237\304\261 kontrol edilir" > allSteps:<stepValue:"Al\304\261\305\237veri\305\237 sayfas\304\261n\304\261n a\303\247\304\261ld\304\261\304\237\304\261 do\304\237rulan\304\261r." parameterizedStepValue:"Al\304\261\305\237veri\305\237 sayfas\304\261n\304\261n a\303\247\304\261ld\304\261\304\237\304\261 do\304\237rulan\304\261r." > allSteps:<stepValue:"Men\303\274den Kad\304\261n se\303\247ene\304\237ine t\304\261klan\304\261r." parameterizedStepValue:"Men\303\274den Kad\304\261n se\303\247ene\304\237ine t\304\261klan\304\261r." > allSteps:<stepValue:"Pantolon kategorisi a\303\247\304\261l\304\261r." parameterizedStepValue:"Pantolon kategorisi a\303\247\304\261l\304\261r." > allSteps:<stepValue:"Random {} olarak beden se\303\247imi yap" parameterizedStepValue:"Random <//*[@resource-id='com.ozdilek.ozdilekteyim:id/recyclerSizeList']> olarak beden se\303\247imi yap" parameters:"//*[@resource-id='com.ozdilek.ozdilekteyim:id/recyclerSizeList']" > allSteps:<stepValue:"Al\304\261\305\237veri\305\237e ba\305\237la butonuna t\304\261klan\304\261r" parameterizedStepValue:"Al\304\261\305\237veri\305\237e ba\305\237la butonuna t\304\261klan\304\261r" > allSteps:<stepValue:"{} saniye kadar bekle" parameterizedStepValue:"<3> saniye kadar bekle" parameters:"3" > allSteps:<stepValue:"{}saniye kadar bekle" parameterizedStepValue:"<3>saniye kadar bekle" parameters:"3" > allSteps:<stepValue:"{} {} kay\304\261tl\304\261 kullan\304\261c\304\261 bilgilerini gir" parameterizedStepValue:"<com.ozdilek.ozdilekteyim:id/etPassword> <<robyarda107*>> kay\304\261tl\304\261 kullan\304\261c\304\261 bilgilerini gir" parameters:"com.ozdilek.ozdilekteyim:id/etPassword" parameters:"<robyarda107*>" > allSteps:<stepValue:"Random {} olarak \303\274r\303\274n se\303\247imi yap" parameterizedStepValue:"Random <//*[@resource-id='com.ozdilek.ozdilekteyim:id/recyclerView']/android.widget.FrameLayout> olarak \303\274r\303\274n se\303\247imi yap" parameters:"//*[@resource-id='com.ozdilek.ozdilekteyim:id/recyclerView']/android.widget.FrameLayout" > > 
04-04-2022 11:27:52.341 [Gauge] [DEBUG] Api Request Received: messageType:GetAllConceptsRequest messageId:6 allConceptsRequest:<> 
04-04-2022 11:27:52.341 [Gauge] [DEBUG] Sending API response: messageType:GetAllConceptsResponse messageId:6 allConceptsResponse:<concepts:<stepValue:<stepValue:"\303\234r\303\274n detay sayfas\304\261 a\303\247\304\261ld\304\261\304\237\304\261 kontrol edilir." parameterizedStepValue:"\303\234r\303\274n detay sayfas\304\261 a\303\247\304\261ld\304\261\304\237\304\261 kontrol edilir." > filepath:"C:\\Users\\testinium\\IdeaProjects\\AppiumArdaOdev\\specs\\Check.cpt" lineNumber:19 > concepts:<stepValue:<stepValue:"Uygulaman\304\261n a\303\247\304\261ld\304\261\304\237\304\261 kontrol edilir." parameterizedStepValue:"Uygulaman\304\261n a\303\247\304\261ld\304\261\304\237\304\261 kontrol edilir." > filepath:"C:\\Users\\testinium\\IdeaProjects\\AppiumArdaOdev\\specs\\Check.cpt" lineNumber:4 > concepts:<stepValue:<stepValue:"Giri\305\237 yapma sayfas\304\261n\304\261n a\303\247\304\261ld\304\261\304\237\304\261 do\304\237rulan\304\261r." parameterizedStepValue:"Giri\305\237 yapma sayfas\304\261n\304\261n a\303\247\304\261ld\304\261\304\237\304\261 do\304\237rulan\304\261r." > filepath:"C:\\Users\\testinium\\IdeaProjects\\AppiumArdaOdev\\specs\\Check.cpt" lineNumber:9 > concepts:<stepValue:<stepValue:"Kategoriler sayfas\304\261n\304\261n a\303\247\304\261ld\304\261\304\237\304\261 do\304\237rulan\304\261r." parameterizedStepValue:"Kategoriler sayfas\304\261n\304\261n a\303\247\304\261ld\304\261\304\237\304\261 do\304\237rulan\304\261r." > filepath:"C:\\Users\\testinium\\IdeaProjects\\AppiumArdaOdev\\specs\\Check.cpt" lineNumber:14 > concepts:<stepValue:<stepValue:"Geri butonuna 2 kere t\304\261klan\304\261r." parameterizedStepValue:"Geri butonuna 2 kere t\304\261klan\304\261r." > filepath:"C:\\Users\\testinium\\IdeaProjects\\AppiumArdaOdev\\specs\\Check.cpt" lineNumber:24 > concepts:<stepValue:<stepValue:"\303\226zdilekteyim uygulamas\304\261 a\303\247\304\261l\304\261r." parameterizedStepValue:"\303\226zdilekteyim uygulamas\304\261 a\303\247\304\261l\304\261r." > filepath:"C:\\Users\\testinium\\IdeaProjects\\AppiumArdaOdev\\specs\\Login.cpt" lineNumber:5 > concepts:<stepValue:<stepValue:"Kullan\304\261c\304\261 ad\304\261 alan\304\261na text bilgisi girilir." parameterizedStepValue:"Kullan\304\261c\304\261 ad\304\261 alan\304\261na text bilgisi girilir." > filepath:"C:\\Users\\testinium\\IdeaProjects\\AppiumArdaOdev\\specs\\Login.cpt" lineNumber:9 > concepts:<stepValue:<stepValue:"Password alan\304\261na \305\237ifre yaz\304\261l\304\261r." parameterizedStepValue:"Password alan\304\261na \305\237ifre yaz\304\261l\304\261r." > filepath:"C:\\Users\\testinium\\IdeaProjects\\AppiumArdaOdev\\specs\\Login.cpt" lineNumber:13 > concepts:<stepValue:<stepValue:"\303\234r\303\274nlerden rastgele bir \303\274r\303\274n se\303\247ilir." parameterizedStepValue:"\303\234r\303\274nlerden rastgele bir \303\274r\303\274n se\303\247ilir." > filepath:"C:\\Users\\testinium\\IdeaProjects\\AppiumArdaOdev\\specs\\Product.cpt" lineNumber:4 > concepts:<stepValue:<stepValue:"Se\303\247ilen \303\274r\303\274n sepete eklenir." parameterizedStepValue:"Se\303\247ilen \303\274r\303\274n sepete eklenir." > filepath:"C:\\Users\\testinium\\IdeaProjects\\AppiumArdaOdev\\specs\\Product.cpt" lineNumber:14 > concepts:<stepValue:<stepValue:"Rastgele bir \303\274r\303\274n se\303\247ilir." parameterizedStepValue:"Rastgele bir \303\274r\303\274n se\303\247ilir." > filepath:"C:\\Users\\testinium\\IdeaProjects\\AppiumArdaOdev\\specs\\Product.cpt" lineNumber:9 > concepts:<stepValue:<stepValue:"Sayfa 2 kere scroll edilir." parameterizedStepValue:"Sayfa 2 kere scroll edilir." > filepath:"C:\\Users\\testinium\\IdeaProjects\\AppiumArdaOdev\\specs\\Categories.cpt" lineNumber:16 > concepts:<stepValue:<stepValue:"Kategoriler Sayfas\304\261 A\303\247\304\261l\304\261r" parameterizedStepValue:"Kategoriler Sayfas\304\261 A\303\247\304\261l\304\261r" > filepath:"C:\\Users\\testinium\\IdeaProjects\\AppiumArdaOdev\\specs\\Categories.cpt" lineNumber:4 > > 
04-04-2022 11:27:52.359 [Gauge] [DEBUG] Api Request Received: messageType:GetAllStepsRequest messageId:2 allStepsRequest:<> 
04-04-2022 11:27:52.359 [Gauge] [DEBUG] Sending API response: messageType:GetAllStepResponse messageId:2 allStepsResponse:<allSteps:<stepValue:"Sayfay\304\261 asa\304\237\304\261 do\304\237ru kayd\304\261r" parameterizedStepValue:"Sayfay\304\261 asa\304\237\304\261 do\304\237ru kayd\304\261r" > allSteps:<stepValue:"Kategoriler sayfas\304\261 a\303\247\304\261l\304\261r." parameterizedStepValue:"Kategoriler sayfas\304\261 a\303\247\304\261l\304\261r." > allSteps:<stepValue:"Pantolon kategorisi a\303\247\304\261l\304\261r." parameterizedStepValue:"Pantolon kategorisi a\303\247\304\261l\304\261r." > allSteps:<stepValue:"Xpath {} li elementi bul ve t\304\261kla" parameterizedStepValue:"Xpath <//*[@resource-id='com.ozdilek.ozdilekteyim:id/imgAddFav']> li elementi bul ve t\304\261kla" parameters:"//*[@resource-id='com.ozdilek.ozdilekteyim:id/imgAddFav']" > allSteps:<stepValue:"{}saniye kadar bekle" parameterizedStepValue:"<3>saniye kadar bekle" parameters:"3" > allSteps:<stepValue:"{} {} kay\304\261tl\304\261 kullan\304\261c\304\261 bilgilerini gir" parameterizedStepValue:"<com.ozdilek.ozdilekteyim:id/etPassword> <<robyarda107*>> kay\304\261tl\304\261 kullan\304\261c\304\261 bilgilerini gir" parameters:"com.ozdilek.ozdilekteyim:id/etPassword" parameters:"<robyarda107*>" > allSteps:<stepValue:"Favoriler butonuna t\304\261klan\304\261r." parameterizedStepValue:"Favoriler butonuna t\304\261klan\304\261r." > allSteps:<stepValue:"Random {} olarak beden se\303\247imi yap" parameterizedStepValue:"Random <//*[@resource-id='com.ozdilek.ozdilekteyim:id/recyclerSizeList']> olarak beden se\303\247imi yap" parameters:"//*[@resource-id='com.ozdilek.ozdilekteyim:id/recyclerSizeList']" > allSteps:<stepValue:"Al\304\261\305\237veri\305\237 sayfas\304\261n\304\261n a\303\247\304\261ld\304\261\304\237\304\261 do\304\237rulan\304\261r." parameterizedStepValue:"Al\304\261\305\237veri\305\237 sayfas\304\261n\304\261n a\303\247\304\261ld\304\261\304\237\304\261 do\304\237rulan\304\261r." > allSteps:<stepValue:"Men\303\274den Kad\304\261n se\303\247ene\304\237ine t\304\261klan\304\261r." parameterizedStepValue:"Men\303\274den Kad\304\261n se\303\247ene\304\237ine t\304\261klan\304\261r." > allSteps:<stepValue:"Al\304\261\305\237veri\305\237e ba\305\237la butonuna t\304\261klan\304\261r" parameterizedStepValue:"Al\304\261\305\237veri\305\237e ba\305\237la butonuna t\304\261klan\304\261r" > allSteps:<stepValue:"{} saniye kadar bekle" parameterizedStepValue:"<3> saniye kadar bekle" parameters:"3" > allSteps:<stepValue:"Id {} li elementi bul ve t\304\261kla" parameterizedStepValue:"Id <com.ozdilek.ozdilekteyim:id/nav_categories> li elementi bul ve t\304\261kla" parameters:"com.ozdilek.ozdilekteyim:id/nav_categories" > allSteps:<stepValue:"Random {} olarak \303\274r\303\274n se\303\247imi yap" parameterizedStepValue:"Random <//*[@resource-id='com.ozdilek.ozdilekteyim:id/recyclerView']/android.widget.FrameLayout> olarak \303\274r\303\274n se\303\247imi yap" parameters:"//*[@resource-id='com.ozdilek.ozdilekteyim:id/recyclerView']/android.widget.FrameLayout" > allSteps:<stepValue:"Uygulaman\304\261n a\303\247\304\261ld\304\261\304\237\304\261 kontrol edilir" parameterizedStepValue:"Uygulaman\304\261n a\303\247\304\261ld\304\261\304\237\304\261 kontrol edilir" > > 
04-04-2022 11:27:52.360 [Gauge] [DEBUG] Api Request Received: messageType:GetAllConceptsRequest messageId:6 allConceptsRequest:<> 
04-04-2022 11:27:52.360 [Gauge] [DEBUG] Sending API response: messageType:GetAllConceptsResponse messageId:6 allConceptsResponse:<concepts:<stepValue:<stepValue:"\303\234r\303\274n detay sayfas\304\261 a\303\247\304\261ld\304\261\304\237\304\261 kontrol edilir." parameterizedStepValue:"\303\234r\303\274n detay sayfas\304\261 a\303\247\304\261ld\304\261\304\237\304\261 kontrol edilir." > filepath:"C:\\Users\\testinium\\IdeaProjects\\AppiumArdaOdev\\specs\\Check.cpt" lineNumber:19 > concepts:<stepValue:<stepValue:"Uygulaman\304\261n a\303\247\304\261ld\304\261\304\237\304\261 kontrol edilir." parameterizedStepValue:"Uygulaman\304\261n a\303\247\304\261ld\304\261\304\237\304\261 kontrol edilir." > filepath:"C:\\Users\\testinium\\IdeaProjects\\AppiumArdaOdev\\specs\\Check.cpt" lineNumber:4 > concepts:<stepValue:<stepValue:"Giri\305\237 yapma sayfas\304\261n\304\261n a\303\247\304\261ld\304\261\304\237\304\261 do\304\237rulan\304\261r." parameterizedStepValue:"Giri\305\237 yapma sayfas\304\261n\304\261n a\303\247\304\261ld\304\261\304\237\304\261 do\304\237rulan\304\261r." > filepath:"C:\\Users\\testinium\\IdeaProjects\\AppiumArdaOdev\\specs\\Check.cpt" lineNumber:9 > concepts:<stepValue:<stepValue:"Kategoriler sayfas\304\261n\304\261n a\303\247\304\261ld\304\261\304\237\304\261 do\304\237rulan\304\261r." parameterizedStepValue:"Kategoriler sayfas\304\261n\304\261n a\303\247\304\261ld\304\261\304\237\304\261 do\304\237rulan\304\261r." > filepath:"C:\\Users\\testinium\\IdeaProjects\\AppiumArdaOdev\\specs\\Check.cpt" lineNumber:14 > concepts:<stepValue:<stepValue:"Geri butonuna 2 kere t\304\261klan\304\261r." parameterizedStepValue:"Geri butonuna 2 kere t\304\261klan\304\261r." > filepath:"C:\\Users\\testinium\\IdeaProjects\\AppiumArdaOdev\\specs\\Check.cpt" lineNumber:24 > concepts:<stepValue:<stepValue:"\303\226zdilekteyim uygulamas\304\261 a\303\247\304\261l\304\261r." parameterizedStepValue:"\303\226zdilekteyim uygulamas\304\261 a\303\247\304\261l\304\261r." > filepath:"C:\\Users\\testinium\\IdeaProjects\\AppiumArdaOdev\\specs\\Login.cpt" lineNumber:5 > concepts:<stepValue:<stepValue:"Kullan\304\261c\304\261 ad\304\261 alan\304\261na text bilgisi girilir." parameterizedStepValue:"Kullan\304\261c\304\261 ad\304\261 alan\304\261na text bilgisi girilir." > filepath:"C:\\Users\\testinium\\IdeaProjects\\AppiumArdaOdev\\specs\\Login.cpt" lineNumber:9 > concepts:<stepValue:<stepValue:"Password alan\304\261na \305\237ifre yaz\304\261l\304\261r." parameterizedStepValue:"Password alan\304\261na \305\237ifre yaz\304\261l\304\261r." > filepath:"C:\\Users\\testinium\\IdeaProjects\\AppiumArdaOdev\\specs\\Login.cpt" lineNumber:13 > concepts:<stepValue:<stepValue:"\303\234r\303\274nlerden rastgele bir \303\274r\303\274n se\303\247ilir." parameterizedStepValue:"\303\234r\303\274nlerden rastgele bir \303\274r\303\274n se\303\247ilir." > filepath:"C:\\Users\\testinium\\IdeaProjects\\AppiumArdaOdev\\specs\\Product.cpt" lineNumber:4 > concepts:<stepValue:<stepValue:"Se\303\247ilen \303\274r\303\274n sepete eklenir." parameterizedStepValue:"Se\303\247ilen \303\274r\303\274n sepete eklenir." > filepath:"C:\\Users\\testinium\\IdeaProjects\\AppiumArdaOdev\\specs\\Product.cpt" lineNumber:14 > concepts:<stepValue:<stepValue:"Rastgele bir \303\274r\303\274n se\303\247ilir." parameterizedStepValue:"Rastgele bir \303\274r\303\274n se\303\247ilir." > filepath:"C:\\Users\\testinium\\IdeaProjects\\AppiumArdaOdev\\specs\\Product.cpt" lineNumber:9 > concepts:<stepValue:<stepValue:"Sayfa 2 kere scroll edilir." parameterizedStepValue:"Sayfa 2 kere scroll edilir." > filepath:"C:\\Users\\testinium\\IdeaProjects\\AppiumArdaOdev\\specs\\Categories.cpt" lineNumber:16 > concepts:<stepValue:<stepValue:"Kategoriler Sayfas\304\261 A\303\247\304\261l\304\261r" parameterizedStepValue:"Kategoriler Sayfas\304\261 A\303\247\304\261l\304\261r" > filepath:"C:\\Users\\testinium\\IdeaProjects\\AppiumArdaOdev\\specs\\Categories.cpt" lineNumber:4 > > 
04-04-2022 11:27:54.730 [Gauge] [DEBUG] Api Request Received: messageType:GetStepValueRequest messageId:4 stepValueRequest:<stepText:"Uygulaman\304\261n a\303\247\304\261ld\304\261\304\237\304\261 kontrol edilir." > 
04-04-2022 11:27:54.731 [Gauge] [DEBUG] Sending API response: messageType:GetStepValueResponse messageId:4 stepValueResponse:<stepValue:<stepValue:"Uygulaman\304\261n a\303\247\304\261ld\304\261\304\237\304\261 kontrol edilir." parameterizedStepValue:"Uygulaman\304\261n a\303\247\304\261ld\304\261\304\237\304\261 kontrol edilir." > > 
04-04-2022 11:27:54.752 [Gauge] [DEBUG] Api Request Received: messageType:GetAllStepsRequest messageId:2 allStepsRequest:<> 
04-04-2022 11:27:54.758 [Gauge] [DEBUG] Sending API response: messageType:GetAllStepResponse messageId:2 allStepsResponse:<allSteps:<stepValue:"Favoriler butonuna t\304\261klan\304\261r." parameterizedStepValue:"Favoriler butonuna t\304\261klan\304\261r." > allSteps:<stepValue:"Xpath {} li elementi bul ve t\304\261kla" parameterizedStepValue:"Xpath <//*[@resource-id='com.ozdilek.ozdilekteyim:id/imgAddFav']> li elementi bul ve t\304\261kla" parameters:"//*[@resource-id='com.ozdilek.ozdilekteyim:id/imgAddFav']" > allSteps:<stepValue:"Random {} olarak \303\274r\303\274n se\303\247imi yap" parameterizedStepValue:"Random <//*[@resource-id='com.ozdilek.ozdilekteyim:id/recyclerView']/android.widget.FrameLayout> olarak \303\274r\303\274n se\303\247imi yap" parameters:"//*[@resource-id='com.ozdilek.ozdilekteyim:id/recyclerView']/android.widget.FrameLayout" > allSteps:<stepValue:"Random {} olarak beden se\303\247imi yap" parameterizedStepValue:"Random <//*[@resource-id='com.ozdilek.ozdilekteyim:id/recyclerSizeList']> olarak beden se\303\247imi yap" parameters:"//*[@resource-id='com.ozdilek.ozdilekteyim:id/recyclerSizeList']" > allSteps:<stepValue:"Pantolon kategorisi a\303\247\304\261l\304\261r." parameterizedStepValue:"Pantolon kategorisi a\303\247\304\261l\304\261r." > allSteps:<stepValue:"{} saniye kadar bekle" parameterizedStepValue:"<3> saniye kadar bekle" parameters:"3" > allSteps:<stepValue:"Id {} li elementi bul ve t\304\261kla" parameterizedStepValue:"Id <com.ozdilek.ozdilekteyim:id/nav_categories> li elementi bul ve t\304\261kla" parameters:"com.ozdilek.ozdilekteyim:id/nav_categories" > allSteps:<stepValue:"Al\304\261\305\237veri\305\237 sayfas\304\261n\304\261n a\303\247\304\261ld\304\261\304\237\304\261 do\304\237rulan\304\261r." parameterizedStepValue:"Al\304\261\305\237veri\305\237 sayfas\304\261n\304\261n a\303\247\304\261ld\304\261\304\237\304\261 do\304\237rulan\304\261r." > allSteps:<stepValue:"Men\303\274den Kad\304\261n se\303\247ene\304\237ine t\304\261klan\304\261r." parameterizedStepValue:"Men\303\274den Kad\304\261n se\303\247ene\304\237ine t\304\261klan\304\261r." > allSteps:<stepValue:"Al\304\261\305\237veri\305\237e ba\305\237la butonuna t\304\261klan\304\261r" parameterizedStepValue:"Al\304\261\305\237veri\305\237e ba\305\237la butonuna t\304\261klan\304\261r" > allSteps:<stepValue:"Kategoriler sayfas\304\261 a\303\247\304\261l\304\261r." parameterizedStepValue:"Kategoriler sayfas\304\261 a\303\247\304\261l\304\261r." > allSteps:<stepValue:"{}saniye kadar bekle" parameterizedStepValue:"<3>saniye kadar bekle" parameters:"3" > allSteps:<stepValue:"{} {} kay\304\261tl\304\261 kullan\304\261c\304\261 bilgilerini gir" parameterizedStepValue:"<com.ozdilek.ozdilekteyim:id/etPassword> <<robyarda107*>> kay\304\261tl\304\261 kullan\304\261c\304\261 bilgilerini gir" parameters:"com.ozdilek.ozdilekteyim:id/etPassword" parameters:"<robyarda107*>" > allSteps:<stepValue:"Sayfay\304\261 asa\304\237\304\261 do\304\237ru kayd\304\261r" parameterizedStepValue:"Sayfay\304\261 asa\304\237\304\261 do\304\237ru kayd\304\261r" > allSteps:<stepValue:"Uygulaman\304\261n a\303\247\304\261ld\304\261\304\237\304\261 kontrol edilir" parameterizedStepValue:"Uygulaman\304\261n a\303\247\304\261ld\304\261\304\237\304\261 kontrol edilir" > > 
04-04-2022 11:27:54.759 [Gauge] [DEBUG] Api Request Received: messageType:GetAllConceptsRequest messageId:6 allConceptsRequest:<> 
04-04-2022 11:27:54.759 [Gauge] [DEBUG] Sending API response: messageType:GetAllConceptsResponse messageId:6 allConceptsResponse:<concepts:<stepValue:<stepValue:"\303\234r\303\274n detay sayfas\304\261 a\303\247\304\261ld\304\261\304\237\304\261 kontrol edilir." parameterizedStepValue:"\303\234r\303\274n detay sayfas\304\261 a\303\247\304\261ld\304\261\304\237\304\261 kontrol edilir." > filepath:"C:\\Users\\testinium\\IdeaProjects\\AppiumArdaOdev\\specs\\Check.cpt" lineNumber:19 > concepts:<stepValue:<stepValue:"Uygulaman\304\261n a\303\247\304\261ld\304\261\304\237\304\261 kontrol edilir." parameterizedStepValue:"Uygulaman\304\261n a\303\247\304\261ld\304\261\304\237\304\261 kontrol edilir." > filepath:"C:\\Users\\testinium\\IdeaProjects\\AppiumArdaOdev\\specs\\Check.cpt" lineNumber:4 > concepts:<stepValue:<stepValue:"Giri\305\237 yapma sayfas\304\261n\304\261n a\303\247\304\261ld\304\261\304\237\304\261 do\304\237rulan\304\261r." parameterizedStepValue:"Giri\305\237 yapma sayfas\304\261n\304\261n a\303\247\304\261ld\304\261\304\237\304\261 do\304\237rulan\304\261r." > filepath:"C:\\Users\\testinium\\IdeaProjects\\AppiumArdaOdev\\specs\\Check.cpt" lineNumber:9 > concepts:<stepValue:<stepValue:"Kategoriler sayfas\304\261n\304\261n a\303\247\304\261ld\304\261\304\237\304\261 do\304\237rulan\304\261r." parameterizedStepValue:"Kategoriler sayfas\304\261n\304\261n a\303\247\304\261ld\304\261\304\237\304\261 do\304\237rulan\304\261r." > filepath:"C:\\Users\\testinium\\IdeaProjects\\AppiumArdaOdev\\specs\\Check.cpt" lineNumber:14 > concepts:<stepValue:<stepValue:"Geri butonuna 2 kere t\304\261klan\304\261r." parameterizedStepValue:"Geri butonuna 2 kere t\304\261klan\304\261r." > filepath:"C:\\Users\\testinium\\IdeaProjects\\AppiumArdaOdev\\specs\\Check.cpt" lineNumber:24 > concepts:<stepValue:<stepValue:"\303\226zdilekteyim uygulamas\304\261 a\303\247\304\261l\304\261r." parameterizedStepValue:"\303\226zdilekteyim uygulamas\304\261 a\303\247\304\261l\304\261r." > filepath:"C:\\Users\\testinium\\IdeaProjects\\AppiumArdaOdev\\specs\\Login.cpt" lineNumber:5 > concepts:<stepValue:<stepValue:"Kullan\304\261c\304\261 ad\304\261 alan\304\261na text bilgisi girilir." parameterizedStepValue:"Kullan\304\261c\304\261 ad\304\261 alan\304\261na text bilgisi girilir." > filepath:"C:\\Users\\testinium\\IdeaProjects\\AppiumArdaOdev\\specs\\Login.cpt" lineNumber:9 > concepts:<stepValue:<stepValue:"Password alan\304\261na \305\237ifre yaz\304\261l\304\261r." parameterizedStepValue:"Password alan\304\261na \305\237ifre yaz\304\261l\304\261r." > filepath:"C:\\Users\\testinium\\IdeaProjects\\AppiumArdaOdev\\specs\\Login.cpt" lineNumber:13 > concepts:<stepValue:<stepValue:"\303\234r\303\274nlerden rastgele bir \303\274r\303\274n se\303\247ilir." parameterizedStepValue:"\303\234r\303\274nlerden rastgele bir \303\274r\303\274n se\303\247ilir." > filepath:"C:\\Users\\testinium\\IdeaProjects\\AppiumArdaOdev\\specs\\Product.cpt" lineNumber:4 > concepts:<stepValue:<stepValue:"Se\303\247ilen \303\274r\303\274n sepete eklenir." parameterizedStepValue:"Se\303\247ilen \303\274r\303\274n sepete eklenir." > filepath:"C:\\Users\\testinium\\IdeaProjects\\AppiumArdaOdev\\specs\\Product.cpt" lineNumber:14 > concepts:<stepValue:<stepValue:"Rastgele bir \303\274r\303\274n se\303\247ilir." parameterizedStepValue:"Rastgele bir \303\274r\303\274n se\303\247ilir." > filepath:"C:\\Users\\testinium\\IdeaProjects\\AppiumArdaOdev\\specs\\Product.cpt" lineNumber:9 > concepts:<stepValue:<stepValue:"Sayfa 2 kere scroll edilir." parameterizedStepValue:"Sayfa 2 kere scroll edilir." > filepath:"C:\\Users\\testinium\\IdeaProjects\\AppiumArdaOdev\\specs\\Categories.cpt" lineNumber:16 > concepts:<stepValue:<stepValue:"Kategoriler Sayfas\304\261 A\303\247\304\261l\304\261r" parameterizedStepValue:"Kategoriler Sayfas\304\261 A\303\247\304\261l\304\261r" > filepath:"C:\\Users\\testinium\\IdeaProjects\\AppiumArdaOdev\\specs\\Categories.cpt" lineNumber:4 > > 
04-04-2022 11:28:18.631 [Gauge] [DEBUG] Api Request Received: messageType:GetStepValueRequest messageId:4 stepValueRequest:<stepText:" Kategoriler Sayfas\304\261 A\303\247\304\261l\304\261r." > 
04-04-2022 11:28:18.631 [Gauge] [DEBUG] Sending API response: messageType:GetStepValueResponse messageId:4 stepValueResponse:<stepValue:<stepValue:"Kategoriler Sayfas\304\261 A\303\247\304\261l\304\261r." parameterizedStepValue:"Kategoriler Sayfas\304\261 A\303\247\304\261l\304\261r." > > 
04-04-2022 11:28:29.549 [Gauge] [DEBUG] Api Request Received: messageType:GetStepValueRequest messageId:4 stepValueRequest:<stepText:" Kategoriler sayfas\304\261 a\303\247\304\261l\304\261r." > 
04-04-2022 11:28:29.549 [Gauge] [DEBUG] Sending API response: messageType:GetStepValueResponse messageId:4 stepValueResponse:<stepValue:<stepValue:"Kategoriler sayfas\304\261 a\303\247\304\261l\304\261r." parameterizedStepValue:"Kategoriler sayfas\304\261 a\303\247\304\261l\304\261r." > > 
04-04-2022 11:29:01.517 [Gauge] [DEBUG] Api Request Received: messageType:GetStepValueRequest messageId:4 stepValueRequest:<stepText:" Pantolon kategorisi a\303\247\304\261l\304\261r." > 
04-04-2022 11:29:01.517 [Gauge] [DEBUG] Sending API response: messageType:GetStepValueResponse messageId:4 stepValueResponse:<stepValue:<stepValue:"Pantolon kategorisi a\303\247\304\261l\304\261r." parameterizedStepValue:"Pantolon kategorisi a\303\247\304\261l\304\261r." > > 
04-04-2022 11:29:11.162 [Gauge] [DEBUG] Api Request Received: messageType:GetStepValueRequest messageId:4 stepValueRequest:<stepText:" Men\303\274den Kad\304\261n se\303\247ene\304\237ine t\304\261klan\304\261r." > 
04-04-2022 11:29:11.162 [Gauge] [DEBUG] Sending API response: messageType:GetStepValueResponse messageId:4 stepValueResponse:<stepValue:<stepValue:"Men\303\274den Kad\304\261n se\303\247ene\304\237ine t\304\261klan\304\261r." parameterizedStepValue:"Men\303\274den Kad\304\261n se\303\247ene\304\237ine t\304\261klan\304\261r." > > 
04-04-2022 11:29:38.085 [Gauge] [INFO] Concept file added / modified: C:\Users\testinium\IdeaProjects\AppiumArdaOdev\specs\Favorite.cpt
04-04-2022 11:29:38.145 [Gauge] [INFO] Concept file added / modified: C:\Users\testinium\IdeaProjects\AppiumArdaOdev\specs\Favorite.cpt
04-04-2022 11:29:38.147 [Gauge] [INFO] Concept file added / modified: C:\Users\testinium\IdeaProjects\AppiumArdaOdev\specs\Favorite.cpt
04-04-2022 11:29:38.625 [Gauge] [DEBUG] Api Request Received: messageType:GetStepValueRequest messageId:4 stepValueRequest:<stepText:"step1" > 
04-04-2022 11:29:38.625 [Gauge] [DEBUG] Sending API response: messageType:GetStepValueResponse messageId:4 stepValueResponse:<stepValue:<stepValue:"step1" parameterizedStepValue:"step1" > > 
04-04-2022 11:29:38.725 [Gauge] [DEBUG] Api Request Received: messageType:GetStepValueRequest messageId:4 stepValueRequest:<stepText:" Concept Heading" > 
04-04-2022 11:29:38.725 [Gauge] [DEBUG] Sending API response: messageType:GetStepValueResponse messageId:4 stepValueResponse:<stepValue:<stepValue:"Concept Heading" parameterizedStepValue:"Concept Heading" > > 
04-04-2022 11:29:38.726 [Gauge] [DEBUG] Api Request Received: messageType:GetStepValueRequest messageId:4 stepValueRequest:<stepText:"step2" > 
04-04-2022 11:29:38.726 [Gauge] [DEBUG] Sending API response: messageType:GetStepValueResponse messageId:4 stepValueResponse:<stepValue:<stepValue:"step2" parameterizedStepValue:"step2" > > 
04-04-2022 11:29:40.093 [Gauge] [INFO] Spec file added / modified: C:\Users\testinium\IdeaProjects\AppiumArdaOdev\specs\Scenario.spec
04-04-2022 11:29:40.095 [Gauge] [INFO] Spec file added / modified: C:\Users\testinium\IdeaProjects\AppiumArdaOdev\specs\Scenario.spec
04-04-2022 11:29:40.100 [Gauge] [INFO] Concept file added / modified: C:\Users\testinium\IdeaProjects\AppiumArdaOdev\specs\Login.cpt
04-04-2022 11:29:40.102 [Gauge] [INFO] Concept file added / modified: C:\Users\testinium\IdeaProjects\AppiumArdaOdev\specs\Login.cpt
04-04-2022 11:29:40.117 [Gauge] [INFO] Concept file added / modified: C:\Users\testinium\IdeaProjects\AppiumArdaOdev\specs\Categories.cpt
04-04-2022 11:29:40.128 [Gauge] [INFO] Concept file added / modified: C:\Users\testinium\IdeaProjects\AppiumArdaOdev\specs\Categories.cpt
